[2024-12-27T16:28:05.434Z] info: docker.yaml was copied to the config folder
[2024-12-27T16:28:05.438Z] info: services.yaml was copied to the config folder
[2024-12-27T16:28:05.439Z] info: bookmarks.yaml was copied to the config folder
[2024-12-27T16:28:05.441Z] info: widgets.yaml was copied to the config folder
[2024-12-27T16:28:05.442Z] info: custom.css was copied to the config folder
[2024-12-27T16:28:05.444Z] info: custom.js was copied to the config folder
[2024-12-27T16:28:05.517Z] info: kubernetes.yaml was copied to the config folder
[2024-12-27T17:19:58.393Z] error: Failed to load services.yaml, please check for errors
[2024-12-27T17:19:58.396Z] error: TypeError: serviceGroup[name].forEach is not a function
[2024-12-27T17:19:58.433Z] error: Failed to load services.yaml, please check for errors
[2024-12-27T17:19:58.434Z] error: TypeError: serviceGroup[name].forEach is not a function
[2024-12-27T17:19:59.039Z] error: Failed to load services.yaml, please check for errors
[2024-12-27T17:19:59.040Z] error: TypeError: serviceGroup[name].forEach is not a function
[2024-12-27T17:20:11.773Z] error: Failed to load services.yaml, please check for errors
[2024-12-27T17:20:11.774Z] error: TypeError: serviceGroup[name].forEach is not a function
[2024-12-27T17:20:40.295Z] error: Failed to load services.yaml, please check for errors
[2024-12-27T17:20:40.296Z] error: TypeError: serviceGroup[name].forEach is not a function
[2024-12-27T17:20:40.651Z] error: Failed to load services.yaml, please check for errors
[2024-12-27T17:20:40.651Z] error: TypeError: serviceGroup[name].forEach is not a function
[2024-12-27T17:20:40.928Z] error: Failed to load services.yaml, please check for errors
[2024-12-27T17:20:40.928Z] error: TypeError: serviceGroup[name].forEach is not a function
[2024-12-27T17:20:43.130Z] error: Failed to load services.yaml, please check for errors
[2024-12-27T17:20:43.131Z] error: TypeError: serviceGroup[name].forEach is not a function
[2024-12-27T17:20:43.341Z] error: Failed to load services.yaml, please check for errors
[2024-12-27T17:20:43.342Z] error: TypeError: serviceGroup[name].forEach is not a function
[2024-12-27T17:21:45.733Z] error: <dockerStatusService> TypeError: Cannot read properties of null (reading 'localhost')
    at getDockerArguments (/app/.next/server/chunks/2045.js:44:14)
    at handler (/app/.next/server/pages/api/docker/status/[...service].js:88:96)
    at Object.apiResolver (/app/node_modules/.pnpm/next@12.3.4_react-dom@18.3.1_react@18.3.1__react@18.3.1/node_modules/next/dist/server/api-utils/node.js:366:15)
    at process.processTicksAndRejections (node:internal/process/task_queues:95:5)
    at async NextNodeServer.runApi (/app/node_modules/.pnpm/next@12.3.4_react-dom@18.3.1_react@18.3.1__react@18.3.1/node_modules/next/dist/server/next-server.js:481:9)
    at async Object.fn (/app/node_modules/.pnpm/next@12.3.4_react-dom@18.3.1_react@18.3.1__react@18.3.1/node_modules/next/dist/server/next-server.js:741:37)
    at async Router.execute (/app/node_modules/.pnpm/next@12.3.4_react-dom@18.3.1_react@18.3.1__react@18.3.1/node_modules/next/dist/server/router.js:252:36)
    at async NextNodeServer.run (/app/node_modules/.pnpm/next@12.3.4_react-dom@18.3.1_react@18.3.1__react@18.3.1/node_modules/next/dist/server/base-server.js:365:29)
    at async NextNodeServer.handleRequest (/app/node_modules/.pnpm/next@12.3.4_react-dom@18.3.1_react@18.3.1__react@18.3.1/node_modules/next/dist/server/base-server.js:303:20)
    at async Server.<anonymous> (/app/server.js:19:5)
[2024-12-27T17:21:50.157Z] error: <dockerStatusService> TypeError: Cannot read properties of null (reading 'localhost')
    at getDockerArguments (/app/.next/server/chunks/2045.js:44:14)
    at handler (/app/.next/server/pages/api/docker/status/[...service].js:88:96)
    at Object.apiResolver (/app/node_modules/.pnpm/next@12.3.4_react-dom@18.3.1_react@18.3.1__react@18.3.1/node_modules/next/dist/server/api-utils/node.js:366:15)
    at process.processTicksAndRejections (node:internal/process/task_queues:95:5)
    at async NextNodeServer.runApi (/app/node_modules/.pnpm/next@12.3.4_react-dom@18.3.1_react@18.3.1__react@18.3.1/node_modules/next/dist/server/next-server.js:481:9)
    at async Object.fn (/app/node_modules/.pnpm/next@12.3.4_react-dom@18.3.1_react@18.3.1__react@18.3.1/node_modules/next/dist/server/next-server.js:741:37)
    at async Router.execute (/app/node_modules/.pnpm/next@12.3.4_react-dom@18.3.1_react@18.3.1__react@18.3.1/node_modules/next/dist/server/router.js:252:36)
    at async NextNodeServer.run (/app/node_modules/.pnpm/next@12.3.4_react-dom@18.3.1_react@18.3.1__react@18.3.1/node_modules/next/dist/server/base-server.js:365:29)
    at async NextNodeServer.handleRequest (/app/node_modules/.pnpm/next@12.3.4_react-dom@18.3.1_react@18.3.1__react@18.3.1/node_modules/next/dist/server/base-server.js:303:20)
    at async Server.<anonymous> (/app/server.js:19:5)
[2024-12-27T17:25:03.457Z] error: <dockerStatusService> TypeError: Cannot read properties of null (reading 'localhost')
    at getDockerArguments (/app/.next/server/chunks/2045.js:44:14)
    at handler (/app/.next/server/pages/api/docker/status/[...service].js:88:96)
    at Object.apiResolver (/app/node_modules/.pnpm/next@12.3.4_react-dom@18.3.1_react@18.3.1__react@18.3.1/node_modules/next/dist/server/api-utils/node.js:366:15)
    at process.processTicksAndRejections (node:internal/process/task_queues:95:5)
    at async NextNodeServer.runApi (/app/node_modules/.pnpm/next@12.3.4_react-dom@18.3.1_react@18.3.1__react@18.3.1/node_modules/next/dist/server/next-server.js:481:9)
    at async Object.fn (/app/node_modules/.pnpm/next@12.3.4_react-dom@18.3.1_react@18.3.1__react@18.3.1/node_modules/next/dist/server/next-server.js:741:37)
    at async Router.execute (/app/node_modules/.pnpm/next@12.3.4_react-dom@18.3.1_react@18.3.1__react@18.3.1/node_modules/next/dist/server/router.js:252:36)
    at async NextNodeServer.run (/app/node_modules/.pnpm/next@12.3.4_react-dom@18.3.1_react@18.3.1__react@18.3.1/node_modules/next/dist/server/base-server.js:365:29)
    at async NextNodeServer.handleRequest (/app/node_modules/.pnpm/next@12.3.4_react-dom@18.3.1_react@18.3.1__react@18.3.1/node_modules/next/dist/server/base-server.js:303:20)
    at async Server.<anonymous> (/app/server.js:19:5)
[2024-12-27T17:25:03.968Z] error: <dockerStatusService> TypeError: Cannot read properties of null (reading 'localhost')
    at getDockerArguments (/app/.next/server/chunks/2045.js:44:14)
    at handler (/app/.next/server/pages/api/docker/status/[...service].js:88:96)
    at Object.apiResolver (/app/node_modules/.pnpm/next@12.3.4_react-dom@18.3.1_react@18.3.1__react@18.3.1/node_modules/next/dist/server/api-utils/node.js:366:15)
    at process.processTicksAndRejections (node:internal/process/task_queues:95:5)
    at async NextNodeServer.runApi (/app/node_modules/.pnpm/next@12.3.4_react-dom@18.3.1_react@18.3.1__react@18.3.1/node_modules/next/dist/server/next-server.js:481:9)
    at async Object.fn (/app/node_modules/.pnpm/next@12.3.4_react-dom@18.3.1_react@18.3.1__react@18.3.1/node_modules/next/dist/server/next-server.js:741:37)
    at async Router.execute (/app/node_modules/.pnpm/next@12.3.4_react-dom@18.3.1_react@18.3.1__react@18.3.1/node_modules/next/dist/server/router.js:252:36)
    at async NextNodeServer.run (/app/node_modules/.pnpm/next@12.3.4_react-dom@18.3.1_react@18.3.1__react@18.3.1/node_modules/next/dist/server/base-server.js:365:29)
    at async NextNodeServer.handleRequest (/app/node_modules/.pnpm/next@12.3.4_react-dom@18.3.1_react@18.3.1__react@18.3.1/node_modules/next/dist/server/base-server.js:303:20)
    at async Server.<anonymous> (/app/server.js:19:5)
[2024-12-27T17:25:04.068Z] error: <dockerStatusService> TypeError: Cannot read properties of null (reading 'localhost')
    at getDockerArguments (/app/.next/server/chunks/2045.js:44:14)
    at handler (/app/.next/server/pages/api/docker/status/[...service].js:88:96)
    at Object.apiResolver (/app/node_modules/.pnpm/next@12.3.4_react-dom@18.3.1_react@18.3.1__react@18.3.1/node_modules/next/dist/server/api-utils/node.js:366:15)
    at process.processTicksAndRejections (node:internal/process/task_queues:95:5)
    at async NextNodeServer.runApi (/app/node_modules/.pnpm/next@12.3.4_react-dom@18.3.1_react@18.3.1__react@18.3.1/node_modules/next/dist/server/next-server.js:481:9)
    at async Object.fn (/app/node_modules/.pnpm/next@12.3.4_react-dom@18.3.1_react@18.3.1__react@18.3.1/node_modules/next/dist/server/next-server.js:741:37)
    at async Router.execute (/app/node_modules/.pnpm/next@12.3.4_react-dom@18.3.1_react@18.3.1__react@18.3.1/node_modules/next/dist/server/router.js:252:36)
    at async NextNodeServer.run (/app/node_modules/.pnpm/next@12.3.4_react-dom@18.3.1_react@18.3.1__react@18.3.1/node_modules/next/dist/server/base-server.js:365:29)
    at async NextNodeServer.handleRequest (/app/node_modules/.pnpm/next@12.3.4_react-dom@18.3.1_react@18.3.1__react@18.3.1/node_modules/next/dist/server/base-server.js:303:20)
    at async Server.<anonymous> (/app/server.js:19:5)
[2024-12-27T17:25:04.090Z] error: <dockerStatusService> TypeError: Cannot read properties of null (reading 'localhost')
    at getDockerArguments (/app/.next/server/chunks/2045.js:44:14)
    at handler (/app/.next/server/pages/api/docker/status/[...service].js:88:96)
    at Object.apiResolver (/app/node_modules/.pnpm/next@12.3.4_react-dom@18.3.1_react@18.3.1__react@18.3.1/node_modules/next/dist/server/api-utils/node.js:366:15)
    at process.processTicksAndRejections (node:internal/process/task_queues:95:5)
    at async NextNodeServer.runApi (/app/node_modules/.pnpm/next@12.3.4_react-dom@18.3.1_react@18.3.1__react@18.3.1/node_modules/next/dist/server/next-server.js:481:9)
    at async Object.fn (/app/node_modules/.pnpm/next@12.3.4_react-dom@18.3.1_react@18.3.1__react@18.3.1/node_modules/next/dist/server/next-server.js:741:37)
    at async Router.execute (/app/node_modules/.pnpm/next@12.3.4_react-dom@18.3.1_react@18.3.1__react@18.3.1/node_modules/next/dist/server/router.js:252:36)
    at async NextNodeServer.run (/app/node_modules/.pnpm/next@12.3.4_react-dom@18.3.1_react@18.3.1__react@18.3.1/node_modules/next/dist/server/base-server.js:365:29)
    at async NextNodeServer.handleRequest (/app/node_modules/.pnpm/next@12.3.4_react-dom@18.3.1_react@18.3.1__react@18.3.1/node_modules/next/dist/server/base-server.js:303:20)
    at async Server.<anonymous> (/app/server.js:19:5)
[2024-12-27T17:25:08.585Z] error: <dockerStatusService> TypeError: Cannot read properties of null (reading 'localhost')
    at getDockerArguments (/app/.next/server/chunks/2045.js:44:14)
    at handler (/app/.next/server/pages/api/docker/status/[...service].js:88:96)
    at Object.apiResolver (/app/node_modules/.pnpm/next@12.3.4_react-dom@18.3.1_react@18.3.1__react@18.3.1/node_modules/next/dist/server/api-utils/node.js:366:15)
    at process.processTicksAndRejections (node:internal/process/task_queues:95:5)
    at async NextNodeServer.runApi (/app/node_modules/.pnpm/next@12.3.4_react-dom@18.3.1_react@18.3.1__react@18.3.1/node_modules/next/dist/server/next-server.js:481:9)
    at async Object.fn (/app/node_modules/.pnpm/next@12.3.4_react-dom@18.3.1_react@18.3.1__react@18.3.1/node_modules/next/dist/server/next-server.js:741:37)
    at async Router.execute (/app/node_modules/.pnpm/next@12.3.4_react-dom@18.3.1_react@18.3.1__react@18.3.1/node_modules/next/dist/server/router.js:252:36)
    at async NextNodeServer.run (/app/node_modules/.pnpm/next@12.3.4_react-dom@18.3.1_react@18.3.1__react@18.3.1/node_modules/next/dist/server/base-server.js:365:29)
    at async NextNodeServer.handleRequest (/app/node_modules/.pnpm/next@12.3.4_react-dom@18.3.1_react@18.3.1__react@18.3.1/node_modules/next/dist/server/base-server.js:303:20)
    at async Server.<anonymous> (/app/server.js:19:5)
[2024-12-27T17:25:08.606Z] error: <dockerStatusService> TypeError: Cannot read properties of null (reading 'localhost')
    at getDockerArguments (/app/.next/server/chunks/2045.js:44:14)
    at handler (/app/.next/server/pages/api/docker/status/[...service].js:88:96)
    at Object.apiResolver (/app/node_modules/.pnpm/next@12.3.4_react-dom@18.3.1_react@18.3.1__react@18.3.1/node_modules/next/dist/server/api-utils/node.js:366:15)
    at process.processTicksAndRejections (node:internal/process/task_queues:95:5)
    at async NextNodeServer.runApi (/app/node_modules/.pnpm/next@12.3.4_react-dom@18.3.1_react@18.3.1__react@18.3.1/node_modules/next/dist/server/next-server.js:481:9)
    at async Object.fn (/app/node_modules/.pnpm/next@12.3.4_react-dom@18.3.1_react@18.3.1__react@18.3.1/node_modules/next/dist/server/next-server.js:741:37)
    at async Router.execute (/app/node_modules/.pnpm/next@12.3.4_react-dom@18.3.1_react@18.3.1__react@18.3.1/node_modules/next/dist/server/router.js:252:36)
    at async NextNodeServer.run (/app/node_modules/.pnpm/next@12.3.4_react-dom@18.3.1_react@18.3.1__react@18.3.1/node_modules/next/dist/server/base-server.js:365:29)
    at async NextNodeServer.handleRequest (/app/node_modules/.pnpm/next@12.3.4_react-dom@18.3.1_react@18.3.1__react@18.3.1/node_modules/next/dist/server/base-server.js:303:20)
    at async Server.<anonymous> (/app/server.js:19:5)
[2024-12-27T17:25:37.290Z] error: <dockerStatusService> TypeError: Cannot read properties of null (reading 'localhost')
    at getDockerArguments (/app/.next/server/chunks/2045.js:44:14)
    at handler (/app/.next/server/pages/api/docker/status/[...service].js:88:96)
    at Object.apiResolver (/app/node_modules/.pnpm/next@12.3.4_react-dom@18.3.1_react@18.3.1__react@18.3.1/node_modules/next/dist/server/api-utils/node.js:366:15)
    at process.processTicksAndRejections (node:internal/process/task_queues:95:5)
    at async NextNodeServer.runApi (/app/node_modules/.pnpm/next@12.3.4_react-dom@18.3.1_react@18.3.1__react@18.3.1/node_modules/next/dist/server/next-server.js:481:9)
    at async Object.fn (/app/node_modules/.pnpm/next@12.3.4_react-dom@18.3.1_react@18.3.1__react@18.3.1/node_modules/next/dist/server/next-server.js:741:37)
    at async Router.execute (/app/node_modules/.pnpm/next@12.3.4_react-dom@18.3.1_react@18.3.1__react@18.3.1/node_modules/next/dist/server/router.js:252:36)
    at async NextNodeServer.run (/app/node_modules/.pnpm/next@12.3.4_react-dom@18.3.1_react@18.3.1__react@18.3.1/node_modules/next/dist/server/base-server.js:365:29)
    at async NextNodeServer.handleRequest (/app/node_modules/.pnpm/next@12.3.4_react-dom@18.3.1_react@18.3.1__react@18.3.1/node_modules/next/dist/server/base-server.js:303:20)
    at async Server.<anonymous> (/app/server.js:19:5)
[2024-12-27T17:25:37.304Z] error: <dockerStatusService> TypeError: Cannot read properties of null (reading 'localhost')
    at getDockerArguments (/app/.next/server/chunks/2045.js:44:14)
    at handler (/app/.next/server/pages/api/docker/status/[...service].js:88:96)
    at Object.apiResolver (/app/node_modules/.pnpm/next@12.3.4_react-dom@18.3.1_react@18.3.1__react@18.3.1/node_modules/next/dist/server/api-utils/node.js:366:15)
    at process.processTicksAndRejections (node:internal/process/task_queues:95:5)
    at async NextNodeServer.runApi (/app/node_modules/.pnpm/next@12.3.4_react-dom@18.3.1_react@18.3.1__react@18.3.1/node_modules/next/dist/server/next-server.js:481:9)
    at async Object.fn (/app/node_modules/.pnpm/next@12.3.4_react-dom@18.3.1_react@18.3.1__react@18.3.1/node_modules/next/dist/server/next-server.js:741:37)
    at async Router.execute (/app/node_modules/.pnpm/next@12.3.4_react-dom@18.3.1_react@18.3.1__react@18.3.1/node_modules/next/dist/server/router.js:252:36)
    at async NextNodeServer.run (/app/node_modules/.pnpm/next@12.3.4_react-dom@18.3.1_react@18.3.1__react@18.3.1/node_modules/next/dist/server/base-server.js:365:29)
    at async NextNodeServer.handleRequest (/app/node_modules/.pnpm/next@12.3.4_react-dom@18.3.1_react@18.3.1__react@18.3.1/node_modules/next/dist/server/base-server.js:303:20)
    at async Server.<anonymous> (/app/server.js:19:5)
[2024-12-27T17:25:42.857Z] error: <dockerStatusService> TypeError: Cannot read properties of null (reading 'localhost')
    at getDockerArguments (/app/.next/server/chunks/2045.js:44:14)
    at handler (/app/.next/server/pages/api/docker/status/[...service].js:88:96)
    at Object.apiResolver (/app/node_modules/.pnpm/next@12.3.4_react-dom@18.3.1_react@18.3.1__react@18.3.1/node_modules/next/dist/server/api-utils/node.js:366:15)
    at process.processTicksAndRejections (node:internal/process/task_queues:95:5)
    at async NextNodeServer.runApi (/app/node_modules/.pnpm/next@12.3.4_react-dom@18.3.1_react@18.3.1__react@18.3.1/node_modules/next/dist/server/next-server.js:481:9)
    at async Object.fn (/app/node_modules/.pnpm/next@12.3.4_react-dom@18.3.1_react@18.3.1__react@18.3.1/node_modules/next/dist/server/next-server.js:741:37)
    at async Router.execute (/app/node_modules/.pnpm/next@12.3.4_react-dom@18.3.1_react@18.3.1__react@18.3.1/node_modules/next/dist/server/router.js:252:36)
    at async NextNodeServer.run (/app/node_modules/.pnpm/next@12.3.4_react-dom@18.3.1_react@18.3.1__react@18.3.1/node_modules/next/dist/server/base-server.js:365:29)
    at async NextNodeServer.handleRequest (/app/node_modules/.pnpm/next@12.3.4_react-dom@18.3.1_react@18.3.1__react@18.3.1/node_modules/next/dist/server/base-server.js:303:20)
    at async Server.<anonymous> (/app/server.js:19:5)
[2024-12-27T17:25:42.864Z] error: <dockerStatusService> TypeError: Cannot read properties of null (reading 'localhost')
    at getDockerArguments (/app/.next/server/chunks/2045.js:44:14)
    at handler (/app/.next/server/pages/api/docker/status/[...service].js:88:96)
    at Object.apiResolver (/app/node_modules/.pnpm/next@12.3.4_react-dom@18.3.1_react@18.3.1__react@18.3.1/node_modules/next/dist/server/api-utils/node.js:366:15)
    at process.processTicksAndRejections (node:internal/process/task_queues:95:5)
    at async NextNodeServer.runApi (/app/node_modules/.pnpm/next@12.3.4_react-dom@18.3.1_react@18.3.1__react@18.3.1/node_modules/next/dist/server/next-server.js:481:9)
    at async Object.fn (/app/node_modules/.pnpm/next@12.3.4_react-dom@18.3.1_react@18.3.1__react@18.3.1/node_modules/next/dist/server/next-server.js:741:37)
    at async Router.execute (/app/node_modules/.pnpm/next@12.3.4_react-dom@18.3.1_react@18.3.1__react@18.3.1/node_modules/next/dist/server/router.js:252:36)
    at async NextNodeServer.run (/app/node_modules/.pnpm/next@12.3.4_react-dom@18.3.1_react@18.3.1__react@18.3.1/node_modules/next/dist/server/base-server.js:365:29)
    at async NextNodeServer.handleRequest (/app/node_modules/.pnpm/next@12.3.4_react-dom@18.3.1_react@18.3.1__react@18.3.1/node_modules/next/dist/server/base-server.js:303:20)
    at async Server.<anonymous> (/app/server.js:19:5)
[2024-12-27T17:25:53.903Z] error: <dockerStatusService> TypeError: Cannot read properties of null (reading 'localhost')
    at getDockerArguments (/app/.next/server/chunks/2045.js:44:14)
    at handler (/app/.next/server/pages/api/docker/status/[...service].js:88:96)
    at Object.apiResolver (/app/node_modules/.pnpm/next@12.3.4_react-dom@18.3.1_react@18.3.1__react@18.3.1/node_modules/next/dist/server/api-utils/node.js:366:15)
    at process.processTicksAndRejections (node:internal/process/task_queues:95:5)
    at async NextNodeServer.runApi (/app/node_modules/.pnpm/next@12.3.4_react-dom@18.3.1_react@18.3.1__react@18.3.1/node_modules/next/dist/server/next-server.js:481:9)
    at async Object.fn (/app/node_modules/.pnpm/next@12.3.4_react-dom@18.3.1_react@18.3.1__react@18.3.1/node_modules/next/dist/server/next-server.js:741:37)
    at async Router.execute (/app/node_modules/.pnpm/next@12.3.4_react-dom@18.3.1_react@18.3.1__react@18.3.1/node_modules/next/dist/server/router.js:252:36)
    at async NextNodeServer.run (/app/node_modules/.pnpm/next@12.3.4_react-dom@18.3.1_react@18.3.1__react@18.3.1/node_modules/next/dist/server/base-server.js:365:29)
    at async NextNodeServer.handleRequest (/app/node_modules/.pnpm/next@12.3.4_react-dom@18.3.1_react@18.3.1__react@18.3.1/node_modules/next/dist/server/base-server.js:303:20)
    at async Server.<anonymous> (/app/server.js:19:5)
[2024-12-27T17:25:53.911Z] error: <dockerStatusService> TypeError: Cannot read properties of null (reading 'localhost')
    at getDockerArguments (/app/.next/server/chunks/2045.js:44:14)
    at handler (/app/.next/server/pages/api/docker/status/[...service].js:88:96)
    at Object.apiResolver (/app/node_modules/.pnpm/next@12.3.4_react-dom@18.3.1_react@18.3.1__react@18.3.1/node_modules/next/dist/server/api-utils/node.js:366:15)
    at process.processTicksAndRejections (node:internal/process/task_queues:95:5)
    at async NextNodeServer.runApi (/app/node_modules/.pnpm/next@12.3.4_react-dom@18.3.1_react@18.3.1__react@18.3.1/node_modules/next/dist/server/next-server.js:481:9)
    at async Object.fn (/app/node_modules/.pnpm/next@12.3.4_react-dom@18.3.1_react@18.3.1__react@18.3.1/node_modules/next/dist/server/next-server.js:741:37)
    at async Router.execute (/app/node_modules/.pnpm/next@12.3.4_react-dom@18.3.1_react@18.3.1__react@18.3.1/node_modules/next/dist/server/router.js:252:36)
    at async NextNodeServer.run (/app/node_modules/.pnpm/next@12.3.4_react-dom@18.3.1_react@18.3.1__react@18.3.1/node_modules/next/dist/server/base-server.js:365:29)
    at async NextNodeServer.handleRequest (/app/node_modules/.pnpm/next@12.3.4_react-dom@18.3.1_react@18.3.1__react@18.3.1/node_modules/next/dist/server/base-server.js:303:20)
    at async Server.<anonymous> (/app/server.js:19:5)
[2024-12-27T17:52:57.973Z] error: <dockerStatusService> TypeError: Cannot read properties of null (reading 'localhost')
    at getDockerArguments (/app/.next/server/chunks/2045.js:44:14)
    at handler (/app/.next/server/pages/api/docker/status/[...service].js:88:96)
    at Object.apiResolver (/app/node_modules/.pnpm/next@12.3.4_react-dom@18.3.1_react@18.3.1__react@18.3.1/node_modules/next/dist/server/api-utils/node.js:366:15)
    at process.processTicksAndRejections (node:internal/process/task_queues:95:5)
    at async NextNodeServer.runApi (/app/node_modules/.pnpm/next@12.3.4_react-dom@18.3.1_react@18.3.1__react@18.3.1/node_modules/next/dist/server/next-server.js:481:9)
    at async Object.fn (/app/node_modules/.pnpm/next@12.3.4_react-dom@18.3.1_react@18.3.1__react@18.3.1/node_modules/next/dist/server/next-server.js:741:37)
    at async Router.execute (/app/node_modules/.pnpm/next@12.3.4_react-dom@18.3.1_react@18.3.1__react@18.3.1/node_modules/next/dist/server/router.js:252:36)
    at async NextNodeServer.run (/app/node_modules/.pnpm/next@12.3.4_react-dom@18.3.1_react@18.3.1__react@18.3.1/node_modules/next/dist/server/base-server.js:365:29)
    at async NextNodeServer.handleRequest (/app/node_modules/.pnpm/next@12.3.4_react-dom@18.3.1_react@18.3.1__react@18.3.1/node_modules/next/dist/server/base-server.js:303:20)
    at async Server.<anonymous> (/app/server.js:19:5)
[2024-12-27T17:52:57.977Z] error: <dockerStatusService> TypeError: Cannot read properties of null (reading 'localhost')
    at getDockerArguments (/app/.next/server/chunks/2045.js:44:14)
    at handler (/app/.next/server/pages/api/docker/status/[...service].js:88:96)
    at Object.apiResolver (/app/node_modules/.pnpm/next@12.3.4_react-dom@18.3.1_react@18.3.1__react@18.3.1/node_modules/next/dist/server/api-utils/node.js:366:15)
    at process.processTicksAndRejections (node:internal/process/task_queues:95:5)
    at async NextNodeServer.runApi (/app/node_modules/.pnpm/next@12.3.4_react-dom@18.3.1_react@18.3.1__react@18.3.1/node_modules/next/dist/server/next-server.js:481:9)
    at async Object.fn (/app/node_modules/.pnpm/next@12.3.4_react-dom@18.3.1_react@18.3.1__react@18.3.1/node_modules/next/dist/server/next-server.js:741:37)
    at async Router.execute (/app/node_modules/.pnpm/next@12.3.4_react-dom@18.3.1_react@18.3.1__react@18.3.1/node_modules/next/dist/server/router.js:252:36)
    at async NextNodeServer.run (/app/node_modules/.pnpm/next@12.3.4_react-dom@18.3.1_react@18.3.1__react@18.3.1/node_modules/next/dist/server/base-server.js:365:29)
    at async NextNodeServer.handleRequest (/app/node_modules/.pnpm/next@12.3.4_react-dom@18.3.1_react@18.3.1__react@18.3.1/node_modules/next/dist/server/base-server.js:303:20)
    at async Server.<anonymous> (/app/server.js:19:5)
[2024-12-27T17:52:58.507Z] error: <dockerStatusService> TypeError: Cannot read properties of null (reading 'localhost')
    at getDockerArguments (/app/.next/server/chunks/2045.js:44:14)
    at handler (/app/.next/server/pages/api/docker/status/[...service].js:88:96)
    at Object.apiResolver (/app/node_modules/.pnpm/next@12.3.4_react-dom@18.3.1_react@18.3.1__react@18.3.1/node_modules/next/dist/server/api-utils/node.js:366:15)
    at process.processTicksAndRejections (node:internal/process/task_queues:95:5)
    at async NextNodeServer.runApi (/app/node_modules/.pnpm/next@12.3.4_react-dom@18.3.1_react@18.3.1__react@18.3.1/node_modules/next/dist/server/next-server.js:481:9)
    at async Object.fn (/app/node_modules/.pnpm/next@12.3.4_react-dom@18.3.1_react@18.3.1__react@18.3.1/node_modules/next/dist/server/next-server.js:741:37)
    at async Router.execute (/app/node_modules/.pnpm/next@12.3.4_react-dom@18.3.1_react@18.3.1__react@18.3.1/node_modules/next/dist/server/router.js:252:36)
    at async NextNodeServer.run (/app/node_modules/.pnpm/next@12.3.4_react-dom@18.3.1_react@18.3.1__react@18.3.1/node_modules/next/dist/server/base-server.js:365:29)
    at async NextNodeServer.handleRequest (/app/node_modules/.pnpm/next@12.3.4_react-dom@18.3.1_react@18.3.1__react@18.3.1/node_modules/next/dist/server/base-server.js:303:20)
    at async Server.<anonymous> (/app/server.js:19:5)
[2024-12-27T17:52:58.528Z] error: <dockerStatusService> TypeError: Cannot read properties of null (reading 'localhost')
    at getDockerArguments (/app/.next/server/chunks/2045.js:44:14)
    at handler (/app/.next/server/pages/api/docker/status/[...service].js:88:96)
    at Object.apiResolver (/app/node_modules/.pnpm/next@12.3.4_react-dom@18.3.1_react@18.3.1__react@18.3.1/node_modules/next/dist/server/api-utils/node.js:366:15)
    at process.processTicksAndRejections (node:internal/process/task_queues:95:5)
    at async NextNodeServer.runApi (/app/node_modules/.pnpm/next@12.3.4_react-dom@18.3.1_react@18.3.1__react@18.3.1/node_modules/next/dist/server/next-server.js:481:9)
    at async Object.fn (/app/node_modules/.pnpm/next@12.3.4_react-dom@18.3.1_react@18.3.1__react@18.3.1/node_modules/next/dist/server/next-server.js:741:37)
    at async Router.execute (/app/node_modules/.pnpm/next@12.3.4_react-dom@18.3.1_react@18.3.1__react@18.3.1/node_modules/next/dist/server/router.js:252:36)
    at async NextNodeServer.run (/app/node_modules/.pnpm/next@12.3.4_react-dom@18.3.1_react@18.3.1__react@18.3.1/node_modules/next/dist/server/base-server.js:365:29)
    at async NextNodeServer.handleRequest (/app/node_modules/.pnpm/next@12.3.4_react-dom@18.3.1_react@18.3.1__react@18.3.1/node_modules/next/dist/server/base-server.js:303:20)
    at async Server.<anonymous> (/app/server.js:19:5)
[2024-12-27T17:56:58.167Z] error: <dockerStatusService> TypeError: Cannot read properties of null (reading 'localhost')
    at getDockerArguments (/app/.next/server/chunks/2045.js:44:14)
    at handler (/app/.next/server/pages/api/docker/status/[...service].js:88:96)
    at Object.apiResolver (/app/node_modules/.pnpm/next@12.3.4_react-dom@18.3.1_react@18.3.1__react@18.3.1/node_modules/next/dist/server/api-utils/node.js:366:15)
    at process.processTicksAndRejections (node:internal/process/task_queues:95:5)
    at async NextNodeServer.runApi (/app/node_modules/.pnpm/next@12.3.4_react-dom@18.3.1_react@18.3.1__react@18.3.1/node_modules/next/dist/server/next-server.js:481:9)
    at async Object.fn (/app/node_modules/.pnpm/next@12.3.4_react-dom@18.3.1_react@18.3.1__react@18.3.1/node_modules/next/dist/server/next-server.js:741:37)
    at async Router.execute (/app/node_modules/.pnpm/next@12.3.4_react-dom@18.3.1_react@18.3.1__react@18.3.1/node_modules/next/dist/server/router.js:252:36)
    at async NextNodeServer.run (/app/node_modules/.pnpm/next@12.3.4_react-dom@18.3.1_react@18.3.1__react@18.3.1/node_modules/next/dist/server/base-server.js:365:29)
    at async NextNodeServer.handleRequest (/app/node_modules/.pnpm/next@12.3.4_react-dom@18.3.1_react@18.3.1__react@18.3.1/node_modules/next/dist/server/base-server.js:303:20)
    at async Server.<anonymous> (/app/server.js:19:5)
[2024-12-27T17:56:58.174Z] error: <dockerStatusService> TypeError: Cannot read properties of null (reading 'localhost')
    at getDockerArguments (/app/.next/server/chunks/2045.js:44:14)
    at handler (/app/.next/server/pages/api/docker/status/[...service].js:88:96)
    at Object.apiResolver (/app/node_modules/.pnpm/next@12.3.4_react-dom@18.3.1_react@18.3.1__react@18.3.1/node_modules/next/dist/server/api-utils/node.js:366:15)
    at process.processTicksAndRejections (node:internal/process/task_queues:95:5)
    at async NextNodeServer.runApi (/app/node_modules/.pnpm/next@12.3.4_react-dom@18.3.1_react@18.3.1__react@18.3.1/node_modules/next/dist/server/next-server.js:481:9)
    at async Object.fn (/app/node_modules/.pnpm/next@12.3.4_react-dom@18.3.1_react@18.3.1__react@18.3.1/node_modules/next/dist/server/next-server.js:741:37)
    at async Router.execute (/app/node_modules/.pnpm/next@12.3.4_react-dom@18.3.1_react@18.3.1__react@18.3.1/node_modules/next/dist/server/router.js:252:36)
    at async NextNodeServer.run (/app/node_modules/.pnpm/next@12.3.4_react-dom@18.3.1_react@18.3.1__react@18.3.1/node_modules/next/dist/server/base-server.js:365:29)
    at async NextNodeServer.handleRequest (/app/node_modules/.pnpm/next@12.3.4_react-dom@18.3.1_react@18.3.1__react@18.3.1/node_modules/next/dist/server/base-server.js:303:20)
    at async Server.<anonymous> (/app/server.js:19:5)
[2024-12-27T17:56:58.830Z] error: <dockerStatusService> TypeError: Cannot read properties of null (reading 'localhost')
    at getDockerArguments (/app/.next/server/chunks/2045.js:44:14)
    at handler (/app/.next/server/pages/api/docker/status/[...service].js:88:96)
    at Object.apiResolver (/app/node_modules/.pnpm/next@12.3.4_react-dom@18.3.1_react@18.3.1__react@18.3.1/node_modules/next/dist/server/api-utils/node.js:366:15)
    at process.processTicksAndRejections (node:internal/process/task_queues:95:5)
    at async NextNodeServer.runApi (/app/node_modules/.pnpm/next@12.3.4_react-dom@18.3.1_react@18.3.1__react@18.3.1/node_modules/next/dist/server/next-server.js:481:9)
    at async Object.fn (/app/node_modules/.pnpm/next@12.3.4_react-dom@18.3.1_react@18.3.1__react@18.3.1/node_modules/next/dist/server/next-server.js:741:37)
    at async Router.execute (/app/node_modules/.pnpm/next@12.3.4_react-dom@18.3.1_react@18.3.1__react@18.3.1/node_modules/next/dist/server/router.js:252:36)
    at async NextNodeServer.run (/app/node_modules/.pnpm/next@12.3.4_react-dom@18.3.1_react@18.3.1__react@18.3.1/node_modules/next/dist/server/base-server.js:365:29)
    at async NextNodeServer.handleRequest (/app/node_modules/.pnpm/next@12.3.4_react-dom@18.3.1_react@18.3.1__react@18.3.1/node_modules/next/dist/server/base-server.js:303:20)
    at async Server.<anonymous> (/app/server.js:19:5)
[2024-12-27T17:56:58.834Z] error: <dockerStatusService> TypeError: Cannot read properties of null (reading 'localhost')
    at getDockerArguments (/app/.next/server/chunks/2045.js:44:14)
    at handler (/app/.next/server/pages/api/docker/status/[...service].js:88:96)
    at Object.apiResolver (/app/node_modules/.pnpm/next@12.3.4_react-dom@18.3.1_react@18.3.1__react@18.3.1/node_modules/next/dist/server/api-utils/node.js:366:15)
    at process.processTicksAndRejections (node:internal/process/task_queues:95:5)
    at async NextNodeServer.runApi (/app/node_modules/.pnpm/next@12.3.4_react-dom@18.3.1_react@18.3.1__react@18.3.1/node_modules/next/dist/server/next-server.js:481:9)
    at async Object.fn (/app/node_modules/.pnpm/next@12.3.4_react-dom@18.3.1_react@18.3.1__react@18.3.1/node_modules/next/dist/server/next-server.js:741:37)
    at async Router.execute (/app/node_modules/.pnpm/next@12.3.4_react-dom@18.3.1_react@18.3.1__react@18.3.1/node_modules/next/dist/server/router.js:252:36)
    at async NextNodeServer.run (/app/node_modules/.pnpm/next@12.3.4_react-dom@18.3.1_react@18.3.1__react@18.3.1/node_modules/next/dist/server/base-server.js:365:29)
    at async NextNodeServer.handleRequest (/app/node_modules/.pnpm/next@12.3.4_react-dom@18.3.1_react@18.3.1__react@18.3.1/node_modules/next/dist/server/base-server.js:303:20)
    at async Server.<anonymous> (/app/server.js:19:5)
[2024-12-27T17:56:59.726Z] error: <httpProxy> Error calling http://plex.host.or.ip:32400/status/sessions...
[2024-12-27T17:56:59.732Z] error: <httpProxy> [
  500,
  Error: getaddrinfo ENOTFOUND plex.host.or.ip
      at GetAddrInfoReqWrap.onlookupall [as oncomplete] (node:dns:118:26) {
    errno: -3008,
    code: 'ENOTFOUND',
    syscall: 'getaddrinfo',
    hostname: 'plex.host.or.ip'
  }
]
[2024-12-27T17:56:59.733Z] error: <plexProxyHandler> HTTP 500 communicating with Plex. Data: [object Object]
[2024-12-27T17:56:59.735Z] error: undefined
[2024-12-27T18:01:26.227Z] error: <dockerStatusService> TypeError: Cannot read properties of null (reading 'localhost')
    at getDockerArguments (/app/.next/server/chunks/2045.js:44:14)
    at handler (/app/.next/server/pages/api/docker/status/[...service].js:88:96)
    at Object.apiResolver (/app/node_modules/.pnpm/next@12.3.4_react-dom@18.3.1_react@18.3.1__react@18.3.1/node_modules/next/dist/server/api-utils/node.js:366:15)
    at process.processTicksAndRejections (node:internal/process/task_queues:95:5)
    at async NextNodeServer.runApi (/app/node_modules/.pnpm/next@12.3.4_react-dom@18.3.1_react@18.3.1__react@18.3.1/node_modules/next/dist/server/next-server.js:481:9)
    at async Object.fn (/app/node_modules/.pnpm/next@12.3.4_react-dom@18.3.1_react@18.3.1__react@18.3.1/node_modules/next/dist/server/next-server.js:741:37)
    at async Router.execute (/app/node_modules/.pnpm/next@12.3.4_react-dom@18.3.1_react@18.3.1__react@18.3.1/node_modules/next/dist/server/router.js:252:36)
    at async NextNodeServer.run (/app/node_modules/.pnpm/next@12.3.4_react-dom@18.3.1_react@18.3.1__react@18.3.1/node_modules/next/dist/server/base-server.js:365:29)
    at async NextNodeServer.handleRequest (/app/node_modules/.pnpm/next@12.3.4_react-dom@18.3.1_react@18.3.1__react@18.3.1/node_modules/next/dist/server/base-server.js:303:20)
    at async Server.<anonymous> (/app/server.js:19:5)
[2024-12-27T18:01:26.244Z] error: <dockerStatusService> TypeError: Cannot read properties of null (reading 'localhost')
    at getDockerArguments (/app/.next/server/chunks/2045.js:44:14)
    at handler (/app/.next/server/pages/api/docker/status/[...service].js:88:96)
    at Object.apiResolver (/app/node_modules/.pnpm/next@12.3.4_react-dom@18.3.1_react@18.3.1__react@18.3.1/node_modules/next/dist/server/api-utils/node.js:366:15)
    at process.processTicksAndRejections (node:internal/process/task_queues:95:5)
    at async NextNodeServer.runApi (/app/node_modules/.pnpm/next@12.3.4_react-dom@18.3.1_react@18.3.1__react@18.3.1/node_modules/next/dist/server/next-server.js:481:9)
    at async Object.fn (/app/node_modules/.pnpm/next@12.3.4_react-dom@18.3.1_react@18.3.1__react@18.3.1/node_modules/next/dist/server/next-server.js:741:37)
    at async Router.execute (/app/node_modules/.pnpm/next@12.3.4_react-dom@18.3.1_react@18.3.1__react@18.3.1/node_modules/next/dist/server/router.js:252:36)
    at async NextNodeServer.run (/app/node_modules/.pnpm/next@12.3.4_react-dom@18.3.1_react@18.3.1__react@18.3.1/node_modules/next/dist/server/base-server.js:365:29)
    at async NextNodeServer.handleRequest (/app/node_modules/.pnpm/next@12.3.4_react-dom@18.3.1_react@18.3.1__react@18.3.1/node_modules/next/dist/server/base-server.js:303:20)
    at async Server.<anonymous> (/app/server.js:19:5)
[2024-12-27T18:01:26.855Z] error: <dockerStatusService> TypeError: Cannot read properties of null (reading 'localhost')
    at getDockerArguments (/app/.next/server/chunks/2045.js:44:14)
    at handler (/app/.next/server/pages/api/docker/status/[...service].js:88:96)
    at Object.apiResolver (/app/node_modules/.pnpm/next@12.3.4_react-dom@18.3.1_react@18.3.1__react@18.3.1/node_modules/next/dist/server/api-utils/node.js:366:15)
    at process.processTicksAndRejections (node:internal/process/task_queues:95:5)
    at async NextNodeServer.runApi (/app/node_modules/.pnpm/next@12.3.4_react-dom@18.3.1_react@18.3.1__react@18.3.1/node_modules/next/dist/server/next-server.js:481:9)
    at async Object.fn (/app/node_modules/.pnpm/next@12.3.4_react-dom@18.3.1_react@18.3.1__react@18.3.1/node_modules/next/dist/server/next-server.js:741:37)
    at async Router.execute (/app/node_modules/.pnpm/next@12.3.4_react-dom@18.3.1_react@18.3.1__react@18.3.1/node_modules/next/dist/server/router.js:252:36)
    at async NextNodeServer.run (/app/node_modules/.pnpm/next@12.3.4_react-dom@18.3.1_react@18.3.1__react@18.3.1/node_modules/next/dist/server/base-server.js:365:29)
    at async NextNodeServer.handleRequest (/app/node_modules/.pnpm/next@12.3.4_react-dom@18.3.1_react@18.3.1__react@18.3.1/node_modules/next/dist/server/base-server.js:303:20)
    at async Server.<anonymous> (/app/server.js:19:5)
[2024-12-27T18:01:26.858Z] error: <dockerStatusService> TypeError: Cannot read properties of null (reading 'localhost')
    at getDockerArguments (/app/.next/server/chunks/2045.js:44:14)
    at handler (/app/.next/server/pages/api/docker/status/[...service].js:88:96)
    at Object.apiResolver (/app/node_modules/.pnpm/next@12.3.4_react-dom@18.3.1_react@18.3.1__react@18.3.1/node_modules/next/dist/server/api-utils/node.js:366:15)
    at process.processTicksAndRejections (node:internal/process/task_queues:95:5)
    at async NextNodeServer.runApi (/app/node_modules/.pnpm/next@12.3.4_react-dom@18.3.1_react@18.3.1__react@18.3.1/node_modules/next/dist/server/next-server.js:481:9)
    at async Object.fn (/app/node_modules/.pnpm/next@12.3.4_react-dom@18.3.1_react@18.3.1__react@18.3.1/node_modules/next/dist/server/next-server.js:741:37)
    at async Router.execute (/app/node_modules/.pnpm/next@12.3.4_react-dom@18.3.1_react@18.3.1__react@18.3.1/node_modules/next/dist/server/router.js:252:36)
    at async NextNodeServer.run (/app/node_modules/.pnpm/next@12.3.4_react-dom@18.3.1_react@18.3.1__react@18.3.1/node_modules/next/dist/server/base-server.js:365:29)
    at async NextNodeServer.handleRequest (/app/node_modules/.pnpm/next@12.3.4_react-dom@18.3.1_react@18.3.1__react@18.3.1/node_modules/next/dist/server/base-server.js:303:20)
    at async Server.<anonymous> (/app/server.js:19:5)
[2024-12-27T18:02:05.735Z] error: <dockerStatusService> TypeError: Cannot read properties of null (reading 'localhost')
    at getDockerArguments (/app/.next/server/chunks/2045.js:44:14)
    at handler (/app/.next/server/pages/api/docker/status/[...service].js:88:96)
    at Object.apiResolver (/app/node_modules/.pnpm/next@12.3.4_react-dom@18.3.1_react@18.3.1__react@18.3.1/node_modules/next/dist/server/api-utils/node.js:366:15)
    at process.processTicksAndRejections (node:internal/process/task_queues:95:5)
    at async NextNodeServer.runApi (/app/node_modules/.pnpm/next@12.3.4_react-dom@18.3.1_react@18.3.1__react@18.3.1/node_modules/next/dist/server/next-server.js:481:9)
    at async Object.fn (/app/node_modules/.pnpm/next@12.3.4_react-dom@18.3.1_react@18.3.1__react@18.3.1/node_modules/next/dist/server/next-server.js:741:37)
    at async Router.execute (/app/node_modules/.pnpm/next@12.3.4_react-dom@18.3.1_react@18.3.1__react@18.3.1/node_modules/next/dist/server/router.js:252:36)
    at async NextNodeServer.run (/app/node_modules/.pnpm/next@12.3.4_react-dom@18.3.1_react@18.3.1__react@18.3.1/node_modules/next/dist/server/base-server.js:365:29)
    at async NextNodeServer.handleRequest (/app/node_modules/.pnpm/next@12.3.4_react-dom@18.3.1_react@18.3.1__react@18.3.1/node_modules/next/dist/server/base-server.js:303:20)
    at async Server.<anonymous> (/app/server.js:19:5)
[2024-12-27T18:02:05.744Z] error: <dockerStatusService> TypeError: Cannot read properties of null (reading 'localhost')
    at getDockerArguments (/app/.next/server/chunks/2045.js:44:14)
    at handler (/app/.next/server/pages/api/docker/status/[...service].js:88:96)
    at Object.apiResolver (/app/node_modules/.pnpm/next@12.3.4_react-dom@18.3.1_react@18.3.1__react@18.3.1/node_modules/next/dist/server/api-utils/node.js:366:15)
    at process.processTicksAndRejections (node:internal/process/task_queues:95:5)
    at async NextNodeServer.runApi (/app/node_modules/.pnpm/next@12.3.4_react-dom@18.3.1_react@18.3.1__react@18.3.1/node_modules/next/dist/server/next-server.js:481:9)
    at async Object.fn (/app/node_modules/.pnpm/next@12.3.4_react-dom@18.3.1_react@18.3.1__react@18.3.1/node_modules/next/dist/server/next-server.js:741:37)
    at async Router.execute (/app/node_modules/.pnpm/next@12.3.4_react-dom@18.3.1_react@18.3.1__react@18.3.1/node_modules/next/dist/server/router.js:252:36)
    at async NextNodeServer.run (/app/node_modules/.pnpm/next@12.3.4_react-dom@18.3.1_react@18.3.1__react@18.3.1/node_modules/next/dist/server/base-server.js:365:29)
    at async NextNodeServer.handleRequest (/app/node_modules/.pnpm/next@12.3.4_react-dom@18.3.1_react@18.3.1__react@18.3.1/node_modules/next/dist/server/base-server.js:303:20)
    at async Server.<anonymous> (/app/server.js:19:5)
[2024-12-27T18:02:06.016Z] error: <dockerStatusService> TypeError: Cannot read properties of null (reading 'localhost')
    at getDockerArguments (/app/.next/server/chunks/2045.js:44:14)
    at handler (/app/.next/server/pages/api/docker/status/[...service].js:88:96)
    at Object.apiResolver (/app/node_modules/.pnpm/next@12.3.4_react-dom@18.3.1_react@18.3.1__react@18.3.1/node_modules/next/dist/server/api-utils/node.js:366:15)
    at process.processTicksAndRejections (node:internal/process/task_queues:95:5)
    at async NextNodeServer.runApi (/app/node_modules/.pnpm/next@12.3.4_react-dom@18.3.1_react@18.3.1__react@18.3.1/node_modules/next/dist/server/next-server.js:481:9)
    at async Object.fn (/app/node_modules/.pnpm/next@12.3.4_react-dom@18.3.1_react@18.3.1__react@18.3.1/node_modules/next/dist/server/next-server.js:741:37)
    at async Router.execute (/app/node_modules/.pnpm/next@12.3.4_react-dom@18.3.1_react@18.3.1__react@18.3.1/node_modules/next/dist/server/router.js:252:36)
    at async NextNodeServer.run (/app/node_modules/.pnpm/next@12.3.4_react-dom@18.3.1_react@18.3.1__react@18.3.1/node_modules/next/dist/server/base-server.js:365:29)
    at async NextNodeServer.handleRequest (/app/node_modules/.pnpm/next@12.3.4_react-dom@18.3.1_react@18.3.1__react@18.3.1/node_modules/next/dist/server/base-server.js:303:20)
    at async Server.<anonymous> (/app/server.js:19:5)
[2024-12-27T18:02:06.024Z] error: <dockerStatusService> TypeError: Cannot read properties of null (reading 'localhost')
    at getDockerArguments (/app/.next/server/chunks/2045.js:44:14)
    at handler (/app/.next/server/pages/api/docker/status/[...service].js:88:96)
    at Object.apiResolver (/app/node_modules/.pnpm/next@12.3.4_react-dom@18.3.1_react@18.3.1__react@18.3.1/node_modules/next/dist/server/api-utils/node.js:366:15)
    at process.processTicksAndRejections (node:internal/process/task_queues:95:5)
    at async NextNodeServer.runApi (/app/node_modules/.pnpm/next@12.3.4_react-dom@18.3.1_react@18.3.1__react@18.3.1/node_modules/next/dist/server/next-server.js:481:9)
    at async Object.fn (/app/node_modules/.pnpm/next@12.3.4_react-dom@18.3.1_react@18.3.1__react@18.3.1/node_modules/next/dist/server/next-server.js:741:37)
    at async Router.execute (/app/node_modules/.pnpm/next@12.3.4_react-dom@18.3.1_react@18.3.1__react@18.3.1/node_modules/next/dist/server/router.js:252:36)
    at async NextNodeServer.run (/app/node_modules/.pnpm/next@12.3.4_react-dom@18.3.1_react@18.3.1__react@18.3.1/node_modules/next/dist/server/base-server.js:365:29)
    at async NextNodeServer.handleRequest (/app/node_modules/.pnpm/next@12.3.4_react-dom@18.3.1_react@18.3.1__react@18.3.1/node_modules/next/dist/server/base-server.js:303:20)
    at async Server.<anonymous> (/app/server.js:19:5)
[2024-12-27T18:02:08.702Z] error: <dockerStatsService> TypeError: Cannot read properties of null (reading 'localhost')
    at getDockerArguments (/app/.next/server/chunks/2045.js:44:14)
    at handler (/app/.next/server/pages/api/docker/stats/[...service].js:88:96)
    at Object.apiResolver (/app/node_modules/.pnpm/next@12.3.4_react-dom@18.3.1_react@18.3.1__react@18.3.1/node_modules/next/dist/server/api-utils/node.js:366:15)
    at process.processTicksAndRejections (node:internal/process/task_queues:95:5)
    at async NextNodeServer.runApi (/app/node_modules/.pnpm/next@12.3.4_react-dom@18.3.1_react@18.3.1__react@18.3.1/node_modules/next/dist/server/next-server.js:481:9)
    at async Object.fn (/app/node_modules/.pnpm/next@12.3.4_react-dom@18.3.1_react@18.3.1__react@18.3.1/node_modules/next/dist/server/next-server.js:741:37)
    at async Router.execute (/app/node_modules/.pnpm/next@12.3.4_react-dom@18.3.1_react@18.3.1__react@18.3.1/node_modules/next/dist/server/router.js:252:36)
    at async NextNodeServer.run (/app/node_modules/.pnpm/next@12.3.4_react-dom@18.3.1_react@18.3.1__react@18.3.1/node_modules/next/dist/server/base-server.js:365:29)
    at async NextNodeServer.handleRequest (/app/node_modules/.pnpm/next@12.3.4_react-dom@18.3.1_react@18.3.1__react@18.3.1/node_modules/next/dist/server/base-server.js:303:20)
    at async Server.<anonymous> (/app/server.js:19:5)
[2024-12-27T18:02:08.714Z] error: <dockerStatusService> TypeError: Cannot read properties of null (reading 'localhost')
    at getDockerArguments (/app/.next/server/chunks/2045.js:44:14)
    at handler (/app/.next/server/pages/api/docker/status/[...service].js:88:96)
    at Object.apiResolver (/app/node_modules/.pnpm/next@12.3.4_react-dom@18.3.1_react@18.3.1__react@18.3.1/node_modules/next/dist/server/api-utils/node.js:366:15)
    at process.processTicksAndRejections (node:internal/process/task_queues:95:5)
    at async NextNodeServer.runApi (/app/node_modules/.pnpm/next@12.3.4_react-dom@18.3.1_react@18.3.1__react@18.3.1/node_modules/next/dist/server/next-server.js:481:9)
    at async Object.fn (/app/node_modules/.pnpm/next@12.3.4_react-dom@18.3.1_react@18.3.1__react@18.3.1/node_modules/next/dist/server/next-server.js:741:37)
    at async Router.execute (/app/node_modules/.pnpm/next@12.3.4_react-dom@18.3.1_react@18.3.1__react@18.3.1/node_modules/next/dist/server/router.js:252:36)
    at async NextNodeServer.run (/app/node_modules/.pnpm/next@12.3.4_react-dom@18.3.1_react@18.3.1__react@18.3.1/node_modules/next/dist/server/base-server.js:365:29)
    at async NextNodeServer.handleRequest (/app/node_modules/.pnpm/next@12.3.4_react-dom@18.3.1_react@18.3.1__react@18.3.1/node_modules/next/dist/server/base-server.js:303:20)
    at async Server.<anonymous> (/app/server.js:19:5)
[2024-12-27T18:02:33.096Z] error: <dockerStatusService> TypeError: Cannot read properties of null (reading 'localhost')
    at getDockerArguments (/app/.next/server/chunks/2045.js:44:14)
    at handler (/app/.next/server/pages/api/docker/status/[...service].js:88:96)
    at Object.apiResolver (/app/node_modules/.pnpm/next@12.3.4_react-dom@18.3.1_react@18.3.1__react@18.3.1/node_modules/next/dist/server/api-utils/node.js:366:15)
    at process.processTicksAndRejections (node:internal/process/task_queues:95:5)
    at async NextNodeServer.runApi (/app/node_modules/.pnpm/next@12.3.4_react-dom@18.3.1_react@18.3.1__react@18.3.1/node_modules/next/dist/server/next-server.js:481:9)
    at async Object.fn (/app/node_modules/.pnpm/next@12.3.4_react-dom@18.3.1_react@18.3.1__react@18.3.1/node_modules/next/dist/server/next-server.js:741:37)
    at async Router.execute (/app/node_modules/.pnpm/next@12.3.4_react-dom@18.3.1_react@18.3.1__react@18.3.1/node_modules/next/dist/server/router.js:252:36)
    at async NextNodeServer.run (/app/node_modules/.pnpm/next@12.3.4_react-dom@18.3.1_react@18.3.1__react@18.3.1/node_modules/next/dist/server/base-server.js:365:29)
    at async NextNodeServer.handleRequest (/app/node_modules/.pnpm/next@12.3.4_react-dom@18.3.1_react@18.3.1__react@18.3.1/node_modules/next/dist/server/base-server.js:303:20)
    at async Server.<anonymous> (/app/server.js:19:5)
[2024-12-27T18:02:33.113Z] error: <dockerStatusService> TypeError: Cannot read properties of null (reading 'localhost')
    at getDockerArguments (/app/.next/server/chunks/2045.js:44:14)
    at handler (/app/.next/server/pages/api/docker/status/[...service].js:88:96)
    at Object.apiResolver (/app/node_modules/.pnpm/next@12.3.4_react-dom@18.3.1_react@18.3.1__react@18.3.1/node_modules/next/dist/server/api-utils/node.js:366:15)
    at process.processTicksAndRejections (node:internal/process/task_queues:95:5)
    at async NextNodeServer.runApi (/app/node_modules/.pnpm/next@12.3.4_react-dom@18.3.1_react@18.3.1__react@18.3.1/node_modules/next/dist/server/next-server.js:481:9)
    at async Object.fn (/app/node_modules/.pnpm/next@12.3.4_react-dom@18.3.1_react@18.3.1__react@18.3.1/node_modules/next/dist/server/next-server.js:741:37)
    at async Router.execute (/app/node_modules/.pnpm/next@12.3.4_react-dom@18.3.1_react@18.3.1__react@18.3.1/node_modules/next/dist/server/router.js:252:36)
    at async NextNodeServer.run (/app/node_modules/.pnpm/next@12.3.4_react-dom@18.3.1_react@18.3.1__react@18.3.1/node_modules/next/dist/server/base-server.js:365:29)
    at async NextNodeServer.handleRequest (/app/node_modules/.pnpm/next@12.3.4_react-dom@18.3.1_react@18.3.1__react@18.3.1/node_modules/next/dist/server/base-server.js:303:20)
    at async Server.<anonymous> (/app/server.js:19:5)
[2024-12-27T18:04:27.317Z] error: <dockerStatusService> TypeError: Cannot read properties of null (reading 'localhost')
    at getDockerArguments (/app/.next/server/chunks/2045.js:44:14)
    at handler (/app/.next/server/pages/api/docker/status/[...service].js:88:96)
    at Object.apiResolver (/app/node_modules/.pnpm/next@12.3.4_react-dom@18.3.1_react@18.3.1__react@18.3.1/node_modules/next/dist/server/api-utils/node.js:366:15)
    at process.processTicksAndRejections (node:internal/process/task_queues:95:5)
    at async NextNodeServer.runApi (/app/node_modules/.pnpm/next@12.3.4_react-dom@18.3.1_react@18.3.1__react@18.3.1/node_modules/next/dist/server/next-server.js:481:9)
    at async Object.fn (/app/node_modules/.pnpm/next@12.3.4_react-dom@18.3.1_react@18.3.1__react@18.3.1/node_modules/next/dist/server/next-server.js:741:37)
    at async Router.execute (/app/node_modules/.pnpm/next@12.3.4_react-dom@18.3.1_react@18.3.1__react@18.3.1/node_modules/next/dist/server/router.js:252:36)
    at async NextNodeServer.run (/app/node_modules/.pnpm/next@12.3.4_react-dom@18.3.1_react@18.3.1__react@18.3.1/node_modules/next/dist/server/base-server.js:365:29)
    at async NextNodeServer.handleRequest (/app/node_modules/.pnpm/next@12.3.4_react-dom@18.3.1_react@18.3.1__react@18.3.1/node_modules/next/dist/server/base-server.js:303:20)
    at async Server.<anonymous> (/app/server.js:19:5)
[2024-12-27T18:04:27.322Z] error: <dockerStatusService> TypeError: Cannot read properties of null (reading 'localhost')
    at getDockerArguments (/app/.next/server/chunks/2045.js:44:14)
    at handler (/app/.next/server/pages/api/docker/status/[...service].js:88:96)
    at Object.apiResolver (/app/node_modules/.pnpm/next@12.3.4_react-dom@18.3.1_react@18.3.1__react@18.3.1/node_modules/next/dist/server/api-utils/node.js:366:15)
    at process.processTicksAndRejections (node:internal/process/task_queues:95:5)
    at async NextNodeServer.runApi (/app/node_modules/.pnpm/next@12.3.4_react-dom@18.3.1_react@18.3.1__react@18.3.1/node_modules/next/dist/server/next-server.js:481:9)
    at async Object.fn (/app/node_modules/.pnpm/next@12.3.4_react-dom@18.3.1_react@18.3.1__react@18.3.1/node_modules/next/dist/server/next-server.js:741:37)
    at async Router.execute (/app/node_modules/.pnpm/next@12.3.4_react-dom@18.3.1_react@18.3.1__react@18.3.1/node_modules/next/dist/server/router.js:252:36)
    at async NextNodeServer.run (/app/node_modules/.pnpm/next@12.3.4_react-dom@18.3.1_react@18.3.1__react@18.3.1/node_modules/next/dist/server/base-server.js:365:29)
    at async NextNodeServer.handleRequest (/app/node_modules/.pnpm/next@12.3.4_react-dom@18.3.1_react@18.3.1__react@18.3.1/node_modules/next/dist/server/base-server.js:303:20)
    at async Server.<anonymous> (/app/server.js:19:5)
[2024-12-27T18:04:28.582Z] error: <dockerStatusService> TypeError: Cannot read properties of null (reading 'localhost')
    at getDockerArguments (/app/.next/server/chunks/2045.js:44:14)
    at handler (/app/.next/server/pages/api/docker/status/[...service].js:88:96)
    at Object.apiResolver (/app/node_modules/.pnpm/next@12.3.4_react-dom@18.3.1_react@18.3.1__react@18.3.1/node_modules/next/dist/server/api-utils/node.js:366:15)
    at process.processTicksAndRejections (node:internal/process/task_queues:95:5)
    at async NextNodeServer.runApi (/app/node_modules/.pnpm/next@12.3.4_react-dom@18.3.1_react@18.3.1__react@18.3.1/node_modules/next/dist/server/next-server.js:481:9)
    at async Object.fn (/app/node_modules/.pnpm/next@12.3.4_react-dom@18.3.1_react@18.3.1__react@18.3.1/node_modules/next/dist/server/next-server.js:741:37)
    at async Router.execute (/app/node_modules/.pnpm/next@12.3.4_react-dom@18.3.1_react@18.3.1__react@18.3.1/node_modules/next/dist/server/router.js:252:36)
    at async NextNodeServer.run (/app/node_modules/.pnpm/next@12.3.4_react-dom@18.3.1_react@18.3.1__react@18.3.1/node_modules/next/dist/server/base-server.js:365:29)
    at async NextNodeServer.handleRequest (/app/node_modules/.pnpm/next@12.3.4_react-dom@18.3.1_react@18.3.1__react@18.3.1/node_modules/next/dist/server/base-server.js:303:20)
    at async Server.<anonymous> (/app/server.js:19:5)
[2024-12-27T18:04:28.591Z] error: <dockerStatusService> TypeError: Cannot read properties of null (reading 'localhost')
    at getDockerArguments (/app/.next/server/chunks/2045.js:44:14)
    at handler (/app/.next/server/pages/api/docker/status/[...service].js:88:96)
    at Object.apiResolver (/app/node_modules/.pnpm/next@12.3.4_react-dom@18.3.1_react@18.3.1__react@18.3.1/node_modules/next/dist/server/api-utils/node.js:366:15)
    at process.processTicksAndRejections (node:internal/process/task_queues:95:5)
    at async NextNodeServer.runApi (/app/node_modules/.pnpm/next@12.3.4_react-dom@18.3.1_react@18.3.1__react@18.3.1/node_modules/next/dist/server/next-server.js:481:9)
    at async Object.fn (/app/node_modules/.pnpm/next@12.3.4_react-dom@18.3.1_react@18.3.1__react@18.3.1/node_modules/next/dist/server/next-server.js:741:37)
    at async Router.execute (/app/node_modules/.pnpm/next@12.3.4_react-dom@18.3.1_react@18.3.1__react@18.3.1/node_modules/next/dist/server/router.js:252:36)
    at async NextNodeServer.run (/app/node_modules/.pnpm/next@12.3.4_react-dom@18.3.1_react@18.3.1__react@18.3.1/node_modules/next/dist/server/base-server.js:365:29)
    at async NextNodeServer.handleRequest (/app/node_modules/.pnpm/next@12.3.4_react-dom@18.3.1_react@18.3.1__react@18.3.1/node_modules/next/dist/server/base-server.js:303:20)
    at async Server.<anonymous> (/app/server.js:19:5)
[2024-12-27T18:07:52.112Z] error: <dockerStatusService> TypeError: Cannot read properties of null (reading 'conn')
    at handler (/app/.next/server/pages/api/docker/status/[...service].js:89:86)
    at Object.apiResolver (/app/node_modules/.pnpm/next@12.3.4_react-dom@18.3.1_react@18.3.1__react@18.3.1/node_modules/next/dist/server/api-utils/node.js:366:15)
    at process.processTicksAndRejections (node:internal/process/task_queues:95:5)
    at async NextNodeServer.runApi (/app/node_modules/.pnpm/next@12.3.4_react-dom@18.3.1_react@18.3.1__react@18.3.1/node_modules/next/dist/server/next-server.js:481:9)
    at async Object.fn (/app/node_modules/.pnpm/next@12.3.4_react-dom@18.3.1_react@18.3.1__react@18.3.1/node_modules/next/dist/server/next-server.js:741:37)
    at async Router.execute (/app/node_modules/.pnpm/next@12.3.4_react-dom@18.3.1_react@18.3.1__react@18.3.1/node_modules/next/dist/server/router.js:252:36)
    at async NextNodeServer.run (/app/node_modules/.pnpm/next@12.3.4_react-dom@18.3.1_react@18.3.1__react@18.3.1/node_modules/next/dist/server/base-server.js:365:29)
    at async NextNodeServer.handleRequest (/app/node_modules/.pnpm/next@12.3.4_react-dom@18.3.1_react@18.3.1__react@18.3.1/node_modules/next/dist/server/base-server.js:303:20)
    at async Server.<anonymous> (/app/server.js:19:5)
[2024-12-27T18:07:52.116Z] error: <dockerStatusService> TypeError: Cannot read properties of null (reading 'conn')
    at handler (/app/.next/server/pages/api/docker/status/[...service].js:89:86)
    at Object.apiResolver (/app/node_modules/.pnpm/next@12.3.4_react-dom@18.3.1_react@18.3.1__react@18.3.1/node_modules/next/dist/server/api-utils/node.js:366:15)
    at process.processTicksAndRejections (node:internal/process/task_queues:95:5)
    at async NextNodeServer.runApi (/app/node_modules/.pnpm/next@12.3.4_react-dom@18.3.1_react@18.3.1__react@18.3.1/node_modules/next/dist/server/next-server.js:481:9)
    at async Object.fn (/app/node_modules/.pnpm/next@12.3.4_react-dom@18.3.1_react@18.3.1__react@18.3.1/node_modules/next/dist/server/next-server.js:741:37)
    at async Router.execute (/app/node_modules/.pnpm/next@12.3.4_react-dom@18.3.1_react@18.3.1__react@18.3.1/node_modules/next/dist/server/router.js:252:36)
    at async NextNodeServer.run (/app/node_modules/.pnpm/next@12.3.4_react-dom@18.3.1_react@18.3.1__react@18.3.1/node_modules/next/dist/server/base-server.js:365:29)
    at async NextNodeServer.handleRequest (/app/node_modules/.pnpm/next@12.3.4_react-dom@18.3.1_react@18.3.1__react@18.3.1/node_modules/next/dist/server/base-server.js:303:20)
    at async Server.<anonymous> (/app/server.js:19:5)
[2024-12-27T18:07:52.280Z] error: <service-helpers> Error getting services from Docker server 'docker-proxy': Error: connect ECONNREFUSED 127.0.0.1:2375
    at TCPConnectWrap.afterConnect [as oncomplete] (node:net:1555:16) {
  errno: -111,
  code: 'ECONNREFUSED',
  syscall: 'connect',
  address: '127.0.0.1',
  port: 2375
}
[2024-12-27T18:07:53.194Z] error: <service-helpers> Error getting services from Docker server 'docker-proxy': Error: connect ECONNREFUSED 127.0.0.1:2375
    at TCPConnectWrap.afterConnect [as oncomplete] (node:net:1555:16) {
  errno: -111,
  code: 'ECONNREFUSED',
  syscall: 'connect',
  address: '127.0.0.1',
  port: 2375
}
[2024-12-27T18:07:53.545Z] error: <dockerStatusService> Error: connect ECONNREFUSED 127.0.0.1:2375
    at TCPConnectWrap.afterConnect [as oncomplete] (node:net:1555:16)
[2024-12-27T18:07:53.548Z] error: <dockerStatusService> Error: connect ECONNREFUSED 127.0.0.1:2375
    at TCPConnectWrap.afterConnect [as oncomplete] (node:net:1555:16)
[2024-12-27T18:07:53.643Z] error: <service-helpers> Error getting services from Docker server 'docker-proxy': Error: connect ECONNREFUSED 127.0.0.1:2375
    at TCPConnectWrap.afterConnect [as oncomplete] (node:net:1555:16) {
  errno: -111,
  code: 'ECONNREFUSED',
  syscall: 'connect',
  address: '127.0.0.1',
  port: 2375
}
[2024-12-27T18:07:56.267Z] error: <dockerStatsService> Error: connect ECONNREFUSED 127.0.0.1:2375
    at TCPConnectWrap.afterConnect [as oncomplete] (node:net:1555:16)
[2024-12-27T18:07:56.273Z] error: <dockerStatusService> Error: connect ECONNREFUSED 127.0.0.1:2375
    at TCPConnectWrap.afterConnect [as oncomplete] (node:net:1555:16)
[2024-12-27T18:12:17.621Z] error: <dockerStatusService> Error: connect ECONNREFUSED 127.0.0.1:2375
    at TCPConnectWrap.afterConnect [as oncomplete] (node:net:1555:16)
[2024-12-27T18:12:17.623Z] error: <dockerStatusService> Error: connect ECONNREFUSED 127.0.0.1:2375
    at TCPConnectWrap.afterConnect [as oncomplete] (node:net:1555:16)
[2024-12-27T18:12:17.647Z] error: <service-helpers> Error getting services from Docker server 'docker-proxy': Error: connect ECONNREFUSED 127.0.0.1:2375
    at TCPConnectWrap.afterConnect [as oncomplete] (node:net:1555:16) {
  errno: -111,
  code: 'ECONNREFUSED',
  syscall: 'connect',
  address: '127.0.0.1',
  port: 2375
}
[2024-12-27T18:12:20.135Z] error: <dockerStatusService> Error: connect ECONNREFUSED 127.0.0.1:2375
    at TCPConnectWrap.afterConnect [as oncomplete] (node:net:1555:16)
[2024-12-27T18:12:20.138Z] error: <dockerStatusService> Error: connect ECONNREFUSED 127.0.0.1:2375
    at TCPConnectWrap.afterConnect [as oncomplete] (node:net:1555:16)
[2024-12-27T18:12:20.185Z] error: <service-helpers> Error getting services from Docker server 'docker-proxy': Error: connect ECONNREFUSED 127.0.0.1:2375
    at TCPConnectWrap.afterConnect [as oncomplete] (node:net:1555:16) {
  errno: -111,
  code: 'ECONNREFUSED',
  syscall: 'connect',
  address: '127.0.0.1',
  port: 2375
}
[2024-12-27T18:15:04.885Z] error: <dockerStatusService> Error: connect ECONNREFUSED 127.0.0.1:2375
    at TCPConnectWrap.afterConnect [as oncomplete] (node:net:1555:16)
[2024-12-27T18:15:04.889Z] error: <dockerStatusService> Error: connect ECONNREFUSED 127.0.0.1:2375
    at TCPConnectWrap.afterConnect [as oncomplete] (node:net:1555:16)
[2024-12-27T18:15:05.098Z] error: <service-helpers> Error getting services from Docker server 'docker-proxy': Error: connect ECONNREFUSED 127.0.0.1:2375
    at TCPConnectWrap.afterConnect [as oncomplete] (node:net:1555:16) {
  errno: -111,
  code: 'ECONNREFUSED',
  syscall: 'connect',
  address: '127.0.0.1',
  port: 2375
}
[2024-12-27T18:15:06.010Z] error: <service-helpers> Error getting services from Docker server 'docker-proxy': Error: connect ECONNREFUSED 127.0.0.1:2375
    at TCPConnectWrap.afterConnect [as oncomplete] (node:net:1555:16) {
  errno: -111,
  code: 'ECONNREFUSED',
  syscall: 'connect',
  address: '127.0.0.1',
  port: 2375
}
[2024-12-27T18:15:06.285Z] error: <dockerStatusService> Error: connect ECONNREFUSED 127.0.0.1:2375
    at TCPConnectWrap.afterConnect [as oncomplete] (node:net:1555:16)
[2024-12-27T18:15:06.305Z] error: <dockerStatusService> Error: connect ECONNREFUSED 127.0.0.1:2375
    at TCPConnectWrap.afterConnect [as oncomplete] (node:net:1555:16)
[2024-12-27T18:15:06.367Z] error: <service-helpers> Error getting services from Docker server 'docker-proxy': Error: connect ECONNREFUSED 127.0.0.1:2375
    at TCPConnectWrap.afterConnect [as oncomplete] (node:net:1555:16) {
  errno: -111,
  code: 'ECONNREFUSED',
  syscall: 'connect',
  address: '127.0.0.1',
  port: 2375
}
[2024-12-27T18:15:09.215Z] error: <dockerStatsService> Error: connect ECONNREFUSED 127.0.0.1:2375
    at TCPConnectWrap.afterConnect [as oncomplete] (node:net:1555:16)
[2024-12-27T18:15:09.221Z] error: <dockerStatusService> Error: connect ECONNREFUSED 127.0.0.1:2375
    at TCPConnectWrap.afterConnect [as oncomplete] (node:net:1555:16)
[2024-12-27T18:15:31.064Z] error: <dockerStatusService> Error: connect ECONNREFUSED 127.0.0.1:2375
    at TCPConnectWrap.afterConnect [as oncomplete] (node:net:1555:16)
[2024-12-27T18:15:31.066Z] error: <dockerStatusService> Error: connect ECONNREFUSED 127.0.0.1:2375
    at TCPConnectWrap.afterConnect [as oncomplete] (node:net:1555:16)
[2024-12-27T18:15:31.070Z] error: <dockerStatsService> Error: connect ECONNREFUSED 127.0.0.1:2375
    at TCPConnectWrap.afterConnect [as oncomplete] (node:net:1555:16)
[2024-12-27T18:15:31.177Z] error: <service-helpers> Error getting services from Docker server 'docker-proxy': Error: connect ECONNREFUSED 127.0.0.1:2375
    at TCPConnectWrap.afterConnect [as oncomplete] (node:net:1555:16) {
  errno: -111,
  code: 'ECONNREFUSED',
  syscall: 'connect',
  address: '127.0.0.1',
  port: 2375
}
[2024-12-27T18:16:38.547Z] error: <dockerStatusService> Error: connect ECONNREFUSED 127.0.0.1:2375
    at TCPConnectWrap.afterConnect [as oncomplete] (node:net:1555:16)
[2024-12-27T18:16:38.549Z] error: <dockerStatusService> Error: connect ECONNREFUSED 127.0.0.1:2375
    at TCPConnectWrap.afterConnect [as oncomplete] (node:net:1555:16)
[2024-12-27T18:16:38.558Z] error: <dockerStatsService> Error: connect ECONNREFUSED 127.0.0.1:2375
    at TCPConnectWrap.afterConnect [as oncomplete] (node:net:1555:16)
[2024-12-27T18:16:38.606Z] error: <service-helpers> Error getting services from Docker server 'docker-proxy': Error: connect ECONNREFUSED 127.0.0.1:2375
    at TCPConnectWrap.afterConnect [as oncomplete] (node:net:1555:16) {
  errno: -111,
  code: 'ECONNREFUSED',
  syscall: 'connect',
  address: '127.0.0.1',
  port: 2375
}
[2024-12-27T18:18:28.585Z] error: <dockerStatusService> Error: connect ECONNREFUSED 127.0.0.1:2375
    at TCPConnectWrap.afterConnect [as oncomplete] (node:net:1555:16)
[2024-12-27T18:18:28.587Z] error: <dockerStatusService> Error: connect ECONNREFUSED 127.0.0.1:2375
    at TCPConnectWrap.afterConnect [as oncomplete] (node:net:1555:16)
[2024-12-27T18:18:28.589Z] error: <dockerStatsService> Error: connect ECONNREFUSED 127.0.0.1:2375
    at TCPConnectWrap.afterConnect [as oncomplete] (node:net:1555:16)
[2024-12-27T18:18:28.711Z] error: <service-helpers> Error getting services from Docker server 'docker-proxy': Error: connect ECONNREFUSED 127.0.0.1:2375
    at TCPConnectWrap.afterConnect [as oncomplete] (node:net:1555:16) {
  errno: -111,
  code: 'ECONNREFUSED',
  syscall: 'connect',
  address: '127.0.0.1',
  port: 2375
}
[2024-12-27T18:19:54.565Z] error: <service-helpers> Error getting services from Docker server 'docker-proxy': Error: connect ECONNREFUSED 127.0.0.1:2375
    at TCPConnectWrap.afterConnect [as oncomplete] (node:net:1555:16) {
  errno: -111,
  code: 'ECONNREFUSED',
  syscall: 'connect',
  address: '127.0.0.1',
  port: 2375
}
[2024-12-27T18:19:54.592Z] error: <service-helpers> Error getting services from Docker server 'docker-proxy': Error: connect ECONNREFUSED 127.0.0.1:2375
    at TCPConnectWrap.afterConnect [as oncomplete] (node:net:1555:16) {
  errno: -111,
  code: 'ECONNREFUSED',
  syscall: 'connect',
  address: '127.0.0.1',
  port: 2375
}
[2024-12-27T18:19:54.877Z] error: <dockerStatusService> Error: connect ECONNREFUSED 127.0.0.1:2375
    at TCPConnectWrap.afterConnect [as oncomplete] (node:net:1555:16)
[2024-12-27T18:19:54.881Z] error: <dockerStatusService> Error: connect ECONNREFUSED 127.0.0.1:2375
    at TCPConnectWrap.afterConnect [as oncomplete] (node:net:1555:16)
[2024-12-27T18:19:54.968Z] error: <service-helpers> Error getting services from Docker server 'docker-proxy': Error: connect ECONNREFUSED 127.0.0.1:2375
    at TCPConnectWrap.afterConnect [as oncomplete] (node:net:1555:16) {
  errno: -111,
  code: 'ECONNREFUSED',
  syscall: 'connect',
  address: '127.0.0.1',
  port: 2375
}
[2024-12-27T18:20:02.868Z] error: <dockerStatusService> Error: connect ECONNREFUSED 127.0.0.1:2375
    at TCPConnectWrap.afterConnect [as oncomplete] (node:net:1555:16)
[2024-12-27T18:20:02.872Z] error: <dockerStatusService> Error: connect ECONNREFUSED 127.0.0.1:2375
    at TCPConnectWrap.afterConnect [as oncomplete] (node:net:1555:16)
[2024-12-27T18:20:02.879Z] error: <service-helpers> Error getting services from Docker server 'docker-proxy': Error: connect ECONNREFUSED 127.0.0.1:2375
    at TCPConnectWrap.afterConnect [as oncomplete] (node:net:1555:16) {
  errno: -111,
  code: 'ECONNREFUSED',
  syscall: 'connect',
  address: '127.0.0.1',
  port: 2375
}
[2024-12-27T18:29:24.818Z] error: <dockerStatusService> Error: connect ECONNREFUSED ::1:2375
    at TCPConnectWrap.afterConnect [as oncomplete] (node:net:1555:16)
[2024-12-27T18:29:24.822Z] error: <dockerStatusService> Error: connect ECONNREFUSED ::1:2375
    at TCPConnectWrap.afterConnect [as oncomplete] (node:net:1555:16)
[2024-12-27T18:29:24.894Z] error: <service-helpers> Error getting services from Docker server 'docker-proxy': Error: connect ECONNREFUSED ::1:2375
    at TCPConnectWrap.afterConnect [as oncomplete] (node:net:1555:16) {
  errno: -111,
  code: 'ECONNREFUSED',
  syscall: 'connect',
  address: '::1',
  port: 2375
}
[2024-12-27T18:29:24.927Z] error: <service-helpers> Error getting services from Docker server 'docker-proxy': Error: connect ECONNREFUSED ::1:2375
    at TCPConnectWrap.afterConnect [as oncomplete] (node:net:1555:16) {
  errno: -111,
  code: 'ECONNREFUSED',
  syscall: 'connect',
  address: '::1',
  port: 2375
}
[2024-12-27T18:29:25.145Z] error: <dockerStatusService> Error: connect ECONNREFUSED ::1:2375
    at TCPConnectWrap.afterConnect [as oncomplete] (node:net:1555:16)
[2024-12-27T18:29:25.146Z] error: <dockerStatusService> Error: connect ECONNREFUSED ::1:2375
    at TCPConnectWrap.afterConnect [as oncomplete] (node:net:1555:16)
[2024-12-27T18:29:25.195Z] error: <service-helpers> Error getting services from Docker server 'docker-proxy': Error: connect ECONNREFUSED ::1:2375
    at TCPConnectWrap.afterConnect [as oncomplete] (node:net:1555:16) {
  errno: -111,
  code: 'ECONNREFUSED',
  syscall: 'connect',
  address: '::1',
  port: 2375
}
[2024-12-27T18:29:27.869Z] error: <dockerStatusService> Error: connect ECONNREFUSED ::1:2375
    at TCPConnectWrap.afterConnect [as oncomplete] (node:net:1555:16)
[2024-12-27T18:29:27.871Z] error: <dockerStatusService> Error: connect ECONNREFUSED ::1:2375
    at TCPConnectWrap.afterConnect [as oncomplete] (node:net:1555:16)
[2024-12-27T18:29:27.914Z] error: <service-helpers> Error getting services from Docker server 'docker-proxy': Error: connect ECONNREFUSED ::1:2375
    at TCPConnectWrap.afterConnect [as oncomplete] (node:net:1555:16) {
  errno: -111,
  code: 'ECONNREFUSED',
  syscall: 'connect',
  address: '::1',
  port: 2375
}
[2024-12-27T18:29:27.918Z] error: <dockerStatsService> Error: connect ECONNREFUSED ::1:2375
    at TCPConnectWrap.afterConnect [as oncomplete] (node:net:1555:16)
[2024-12-27T18:31:04.869Z] error: <dockerStatusService> TypeError: Cannot read properties of null (reading 'conn')
    at handler (/app/.next/server/pages/api/docker/status/[...service].js:89:86)
    at Object.apiResolver (/app/node_modules/.pnpm/next@12.3.4_react-dom@18.3.1_react@18.3.1__react@18.3.1/node_modules/next/dist/server/api-utils/node.js:366:15)
    at process.processTicksAndRejections (node:internal/process/task_queues:95:5)
    at async NextNodeServer.runApi (/app/node_modules/.pnpm/next@12.3.4_react-dom@18.3.1_react@18.3.1__react@18.3.1/node_modules/next/dist/server/next-server.js:481:9)
    at async Object.fn (/app/node_modules/.pnpm/next@12.3.4_react-dom@18.3.1_react@18.3.1__react@18.3.1/node_modules/next/dist/server/next-server.js:741:37)
    at async Router.execute (/app/node_modules/.pnpm/next@12.3.4_react-dom@18.3.1_react@18.3.1__react@18.3.1/node_modules/next/dist/server/router.js:252:36)
    at async NextNodeServer.run (/app/node_modules/.pnpm/next@12.3.4_react-dom@18.3.1_react@18.3.1__react@18.3.1/node_modules/next/dist/server/base-server.js:365:29)
    at async NextNodeServer.handleRequest (/app/node_modules/.pnpm/next@12.3.4_react-dom@18.3.1_react@18.3.1__react@18.3.1/node_modules/next/dist/server/base-server.js:303:20)
    at async Server.<anonymous> (/app/server.js:19:5)
[2024-12-27T18:31:15.276Z] error: <dockerStatusService> TypeError: Cannot read properties of null (reading 'conn')
    at handler (/app/.next/server/pages/api/docker/status/[...service].js:89:86)
    at Object.apiResolver (/app/node_modules/.pnpm/next@12.3.4_react-dom@18.3.1_react@18.3.1__react@18.3.1/node_modules/next/dist/server/api-utils/node.js:366:15)
    at process.processTicksAndRejections (node:internal/process/task_queues:95:5)
    at async NextNodeServer.runApi (/app/node_modules/.pnpm/next@12.3.4_react-dom@18.3.1_react@18.3.1__react@18.3.1/node_modules/next/dist/server/next-server.js:481:9)
    at async Object.fn (/app/node_modules/.pnpm/next@12.3.4_react-dom@18.3.1_react@18.3.1__react@18.3.1/node_modules/next/dist/server/next-server.js:741:37)
    at async Router.execute (/app/node_modules/.pnpm/next@12.3.4_react-dom@18.3.1_react@18.3.1__react@18.3.1/node_modules/next/dist/server/router.js:252:36)
    at async NextNodeServer.run (/app/node_modules/.pnpm/next@12.3.4_react-dom@18.3.1_react@18.3.1__react@18.3.1/node_modules/next/dist/server/base-server.js:365:29)
    at async NextNodeServer.handleRequest (/app/node_modules/.pnpm/next@12.3.4_react-dom@18.3.1_react@18.3.1__react@18.3.1/node_modules/next/dist/server/base-server.js:303:20)
    at async Server.<anonymous> (/app/server.js:19:5)
[2024-12-27T18:41:59.908Z] error: <httpProxy> Error calling http://localhost:32400/status/sessions...
[2024-12-27T18:41:59.913Z] error: <httpProxy> [
  500,
  AggregateError
      at internalConnectMultiple (node:net:1114:18)
      at afterConnectMultiple (node:net:1601:5) {
    code: 'ECONNREFUSED',
    [errors]: [ [Error], [Error] ]
  }
]
[2024-12-27T18:41:59.915Z] error: <plexProxyHandler> HTTP 500 communicating with Plex. Data: [object Object]
[2024-12-27T18:41:59.921Z] error: undefined
[2024-12-27T18:42:00.681Z] error: <httpProxy> Error calling http://localhost:32400/status/sessions...
[2024-12-27T18:42:00.683Z] error: <httpProxy> [
  500,
  AggregateError
      at internalConnectMultiple (node:net:1114:18)
      at afterConnectMultiple (node:net:1601:5) {
    code: 'ECONNREFUSED',
    [errors]: [ [Error], [Error] ]
  }
]
[2024-12-27T18:42:00.684Z] error: <plexProxyHandler> HTTP 500 communicating with Plex. Data: [object Object]
[2024-12-27T18:42:00.685Z] error: undefined
[2024-12-27T18:42:09.992Z] error: <httpProxy> Error calling http://localhost:32400/status/sessions...
[2024-12-27T18:42:09.996Z] error: <httpProxy> [
  500,
  AggregateError
      at internalConnectMultiple (node:net:1114:18)
      at afterConnectMultiple (node:net:1601:5) {
    code: 'ECONNREFUSED',
    [errors]: [ [Error], [Error] ]
  }
]
[2024-12-27T18:42:09.997Z] error: <plexProxyHandler> HTTP 500 communicating with Plex. Data: [object Object]
[2024-12-27T18:42:09.998Z] error: undefined
[2024-12-27T18:42:10.722Z] error: <httpProxy> Error calling http://localhost:32400/status/sessions...
[2024-12-27T18:42:10.725Z] error: <httpProxy> [
  500,
  AggregateError
      at internalConnectMultiple (node:net:1114:18)
      at afterConnectMultiple (node:net:1601:5) {
    code: 'ECONNREFUSED',
    [errors]: [ [Error], [Error] ]
  }
]
[2024-12-27T18:42:10.726Z] error: <plexProxyHandler> HTTP 500 communicating with Plex. Data: [object Object]
[2024-12-27T18:42:10.727Z] error: undefined
[2024-12-27T18:42:20.033Z] error: <httpProxy> Error calling http://localhost:32400/status/sessions...
[2024-12-27T18:42:20.035Z] error: <httpProxy> [
  500,
  AggregateError
      at internalConnectMultiple (node:net:1114:18)
      at afterConnectMultiple (node:net:1601:5) {
    code: 'ECONNREFUSED',
    [errors]: [ [Error], [Error] ]
  }
]
[2024-12-27T18:42:20.036Z] error: <plexProxyHandler> HTTP 500 communicating with Plex. Data: [object Object]
[2024-12-27T18:42:20.037Z] error: undefined
[2024-12-27T18:42:25.771Z] error: <httpProxy> Error calling http://localhost:32400/status/sessions...
[2024-12-27T18:42:25.773Z] error: <httpProxy> [
  500,
  AggregateError
      at internalConnectMultiple (node:net:1114:18)
      at afterConnectMultiple (node:net:1601:5) {
    code: 'ECONNREFUSED',
    [errors]: [ [Error], [Error] ]
  }
]
[2024-12-27T18:42:25.775Z] error: <plexProxyHandler> HTTP 500 communicating with Plex. Data: [object Object]
[2024-12-27T18:42:25.777Z] error: undefined
[2024-12-27T18:42:40.059Z] error: <httpProxy> Error calling http://localhost:32400/status/sessions...
[2024-12-27T18:42:40.059Z] error: <httpProxy> [
  500,
  AggregateError
      at internalConnectMultiple (node:net:1114:18)
      at afterConnectMultiple (node:net:1601:5) {
    code: 'ECONNREFUSED',
    [errors]: [ [Error], [Error] ]
  }
]
[2024-12-27T18:42:40.060Z] error: <plexProxyHandler> HTTP 500 communicating with Plex. Data: [object Object]
[2024-12-27T18:42:40.060Z] error: undefined
[2024-12-27T18:42:50.820Z] error: <httpProxy> Error calling http://localhost:32400/status/sessions...
[2024-12-27T18:42:50.822Z] error: <httpProxy> [
  500,
  AggregateError
      at internalConnectMultiple (node:net:1114:18)
      at afterConnectMultiple (node:net:1601:5) {
    code: 'ECONNREFUSED',
    [errors]: [ [Error], [Error] ]
  }
]
[2024-12-27T18:42:50.824Z] error: <plexProxyHandler> HTTP 500 communicating with Plex. Data: [object Object]
[2024-12-27T18:42:50.826Z] error: undefined
[2024-12-27T18:42:59.200Z] error: <httpProxy> Error calling http://localhost:32400/status/sessions...
[2024-12-27T18:42:59.204Z] error: <httpProxy> [
  500,
  AggregateError
      at internalConnectMultiple (node:net:1114:18)
      at afterConnectMultiple (node:net:1601:5) {
    code: 'ECONNREFUSED',
    [errors]: [ [Error], [Error] ]
  }
]
[2024-12-27T18:42:59.208Z] error: <plexProxyHandler> HTTP 500 communicating with Plex. Data: [object Object]
[2024-12-27T18:42:59.210Z] error: undefined
[2024-12-27T18:43:36.208Z] error: <httpProxy> Error calling http://localhost:32400/status/sessions...
[2024-12-27T18:43:36.210Z] error: <httpProxy> [
  500,
  AggregateError
      at internalConnectMultiple (node:net:1114:18)
      at afterConnectMultiple (node:net:1601:5) {
    code: 'ECONNREFUSED',
    [errors]: [ [Error], [Error] ]
  }
]
[2024-12-27T18:43:36.211Z] error: <plexProxyHandler> HTTP 500 communicating with Plex. Data: [object Object]
[2024-12-27T18:43:36.213Z] error: undefined
[2024-12-27T18:43:45.178Z] error: <httpProxy> Error calling http://localhost:32400/status/sessions...
[2024-12-27T18:43:45.179Z] error: <httpProxy> [
  500,
  AggregateError
      at internalConnectMultiple (node:net:1114:18)
      at afterConnectMultiple (node:net:1601:5) {
    code: 'ECONNREFUSED',
    [errors]: [ [Error], [Error] ]
  }
]
[2024-12-27T18:43:45.179Z] error: <plexProxyHandler> HTTP 500 communicating with Plex. Data: [object Object]
[2024-12-27T18:43:45.179Z] error: undefined
[2024-12-27T18:50:24.521Z] error: <httpProxy> Error calling http://localhost:32400/status/sessions...
[2024-12-27T18:50:24.522Z] error: <httpProxy> [
  500,
  AggregateError
      at internalConnectMultiple (node:net:1114:18)
      at afterConnectMultiple (node:net:1601:5) {
    code: 'ECONNREFUSED',
    [errors]: [ [Error], [Error] ]
  }
]
[2024-12-27T18:50:24.522Z] error: <plexProxyHandler> HTTP 500 communicating with Plex. Data: [object Object]
[2024-12-27T18:50:24.523Z] error: undefined
[2024-12-27T18:50:30.207Z] error: <httpProxy> Error calling http://localhost:32400/status/sessions...
[2024-12-27T18:50:30.208Z] error: <httpProxy> [
  500,
  AggregateError
      at internalConnectMultiple (node:net:1114:18)
      at afterConnectMultiple (node:net:1601:5) {
    code: 'ECONNREFUSED',
    [errors]: [ [Error], [Error] ]
  }
]
[2024-12-27T18:50:30.210Z] error: <plexProxyHandler> HTTP 500 communicating with Plex. Data: [object Object]
[2024-12-27T18:50:30.211Z] error: undefined
[2024-12-27T18:50:31.003Z] error: <httpProxy> Error calling http://localhost:32400/status/sessions...
[2024-12-27T18:50:31.004Z] error: <httpProxy> [
  500,
  AggregateError
      at internalConnectMultiple (node:net:1114:18)
      at afterConnectMultiple (node:net:1601:5) {
    code: 'ECONNREFUSED',
    [errors]: [ [Error], [Error] ]
  }
]
[2024-12-27T18:50:31.005Z] error: <plexProxyHandler> HTTP 500 communicating with Plex. Data: [object Object]
[2024-12-27T18:50:31.007Z] error: undefined
[2024-12-27T18:50:36.058Z] error: <httpProxy> Error calling http://localhost:32400/status/sessions...
[2024-12-27T18:50:36.059Z] error: <httpProxy> [
  500,
  AggregateError
      at internalConnectMultiple (node:net:1114:18)
      at afterConnectMultiple (node:net:1601:5) {
    code: 'ECONNREFUSED',
    [errors]: [ [Error], [Error] ]
  }
]
[2024-12-27T18:50:36.060Z] error: <plexProxyHandler> HTTP 500 communicating with Plex. Data: [object Object]
[2024-12-27T18:50:36.062Z] error: undefined
[2024-12-27T18:51:01.204Z] error: <httpProxy> Error calling http://localhost:32400/status/sessions...
[2024-12-27T18:51:01.205Z] error: <httpProxy> [
  500,
  AggregateError
      at internalConnectMultiple (node:net:1114:18)
      at afterConnectMultiple (node:net:1601:5) {
    code: 'ECONNREFUSED',
    [errors]: [ [Error], [Error] ]
  }
]
[2024-12-27T18:51:01.206Z] error: <plexProxyHandler> HTTP 500 communicating with Plex. Data: [object Object]
[2024-12-27T18:51:01.207Z] error: undefined
